<?xml version="1.0" encoding="UTF-8"?>
<!-- Generated by org.testng.reporters.JUnitReportReporter -->
<testsuite hostname="LAPTOP-TA55IDD4" failures="0" tests="1" name="TestNG.Slide_6" time="2.584" errors="0" timestamp="2022-12-24T20:09:11 GMT" skipped="0">
  <testcase classname="TestNG.Slide_6" name="f" time="2.584"/>
  <system-out/>
</testsuite> <!-- TestNG.Slide_6 -->
