<?xml version="1.0" encoding="UTF-8"?>
<!-- Generated by org.testng.reporters.JUnitReportReporter -->
<testsuite hostname="LAPTOP-TA55IDD4" failures="0" tests="1" name="Slide_7.Amaz_tasks" time="11.447" errors="0" timestamp="2022-12-28T19:58:35 GMT" skipped="0">
  <testcase classname="Slide_7.Amaz_tasks" name="f" time="11.447"/>
  <system-out/>
</testsuite> <!-- Slide_7.Amaz_tasks -->
