<?xml version="1.0" encoding="UTF-8"?>
<!-- Generated by org.testng.reporters.JUnitReportReporter -->
<testsuite hostname="LAPTOP-TA55IDD4" failures="0" tests="1" name="Slide_7.Groups" time="0.019" errors="0" timestamp="2022-12-26T23:52:26 GMT" skipped="0">
  <testcase classname="Slide_7.Groups" name="Group_4" time="0.019"/>
  <system-out/>
</testsuite> <!-- Slide_7.Groups -->
