<?xml version="1.0" encoding="UTF-8"?>
<!-- Generated by org.testng.reporters.JUnitReportReporter -->
<testsuite hostname="LAPTOP-TA55IDD4" failures="0" tests="1" name="TestNG.Slide_1" time="2.437" errors="0" timestamp="2022-12-24T19:23:23 GMT" skipped="0">
  <testcase classname="TestNG.Slide_1" name="f" time="2.437"/>
  <system-out/>
</testsuite> <!-- TestNG.Slide_1 -->
