<?xml version="1.0" encoding="UTF-8"?>
<!-- Generated by org.testng.reporters.JUnitReportReporter -->
<testsuite hostname="LAPTOP-TA55IDD4" failures="0" tests="3" name="Slide_7.Parallel" time="0.034" errors="0" timestamp="2022-12-24T22:22:45 GMT" skipped="0">
  <testcase classname="Slide_7.Parallel" name="parallel_2" time="0.008"/>
  <system-out/>
  <testcase classname="Slide_7.Parallel" name="parallel_3" time="0.003"/>
  <system-out/>
  <testcase classname="Slide_7.Parallel" name="parallel_1" time="0.023"/>
  <system-out/>
</testsuite> <!-- Slide_7.Parallel -->
